2026-06-12 15:40:14   Build version: 2025.0 Release from 2024-08-30 (change 1315043)

2026-06-12 15:40:14    Task: Sweep1
                      ----------------------------------------------------------------------
2026-06-12 15:40:14   
                      Sequence: Sequence 1

2026-06-12 15:40:14   Parameters: stato=0.

2026-06-12 15:40:14   
                      ======================================================================

2026-06-12 15:40:15   Parameters: stato=1.

2026-06-12 15:40:15   
                      ======================================================================

2026-06-12 15:40:15   Parameters: stato=2.

2026-06-12 15:40:15   
                      ======================================================================

2026-06-12 15:40:15   Parameters: stato=3.

2026-06-12 15:40:15   
                      ======================================================================

2026-06-12 15:40:15   Parameters: stato=4.

2026-06-12 15:40:16   
                      ======================================================================

2026-06-12 15:40:16   Parameters: stato=5.

2026-06-12 15:40:16   
                      ======================================================================

2026-06-12 15:40:16   Parameters: stato=6.

2026-06-12 15:40:16   
                      ======================================================================

2026-06-12 15:40:16   Parameters: stato=7.

2026-06-12 15:40:16   
                      ======================================================================

2026-06-12 15:40:16   Parameters: stato=8.

2026-06-12 15:40:17   
                      ======================================================================

2026-06-12 15:40:17   Parameters: stato=9.

2026-06-12 15:40:17   
                      ======================================================================

2026-06-12 15:40:17   Parameters: stato=10.

2026-06-12 15:40:17   
                      ======================================================================

2026-06-12 15:40:17   Parameters: stato=11.

2026-06-12 15:40:17   
                      ======================================================================

2026-06-12 15:40:17   Parameters: stato=12.

2026-06-12 15:40:18   
                      ======================================================================

2026-06-12 15:40:18   Parameters: stato=13.

2026-06-12 15:40:18   
                      ======================================================================

2026-06-12 15:40:18   Parameters: stato=14.

2026-06-12 15:40:18   
                      ======================================================================

2026-06-12 15:40:18   Parameters: stato=15.

2026-06-12 15:40:18   
                      ======================================================================

2026-06-12 15:40:18   Parameters: stato=16.

2026-06-12 15:40:19   
                      ======================================================================

2026-06-12 15:40:19   Parameters: stato=17.

2026-06-12 15:40:19   
                      ======================================================================

2026-06-12 15:40:19   Parameters: stato=18.

2026-06-12 15:40:19   
                      ======================================================================

2026-06-12 15:40:19   Parameters: stato=19.

2026-06-12 15:40:19   
                      ======================================================================

2026-06-12 15:40:20   Parameters: stato=20.

2026-06-12 15:40:20   
                      ======================================================================

2026-06-12 15:40:20   Parameters: stato=21.

2026-06-12 15:40:20   
                      ======================================================================

2026-06-12 15:40:20   Parameters: stato=22.

2026-06-12 15:40:20   
                      ======================================================================

2026-06-12 15:40:20   Parameters: stato=23.

2026-06-12 15:40:21   
                      ======================================================================

2026-06-12 15:40:21   Parameters: stato=24.

2026-06-12 15:40:21   
                      ======================================================================

2026-06-12 15:40:21   Parameters: stato=25.

2026-06-12 15:40:21   
                      ======================================================================

2026-06-12 15:40:21   Parameters: stato=26.

2026-06-12 15:40:21   
                      ======================================================================

2026-06-12 15:40:21   Parameters: stato=27.

2026-06-12 15:40:22   
                      ======================================================================

2026-06-12 15:40:22   Parameters: stato=28.

2026-06-12 15:40:22   
                      ======================================================================

2026-06-12 15:40:22   Parameters: stato=29.

2026-06-12 15:40:22   
                      ======================================================================

2026-06-12 15:40:22   Parameters: stato=30.

2026-06-12 15:40:22   
                      ======================================================================

2026-06-12 15:40:22   Parameters: stato=31.

2026-06-12 15:40:23   
                      ======================================================================

2026-06-12 15:40:23    Task time:                         8 sec
2026-06-12 15:40:23   
                      ======================================================================

2026-06-12 15:40:23    Task: PP1
                      ----------------------------------------------------------------------
2026-06-12 15:40:23    Task time:                         0 sec
2026-06-12 15:40:23   
                      ======================================================================

2026-06-12 15:40:23    Total time:                        8 sec
